{"numTotalTestSuites":10,"numPassedTestSuites":10,"numFailedTestSuites":0,"numPendingTestSuites":0,"numTotalTests":35,"numPassedTests":35,"numFailedTests":0,"numPendingTests":0,"numTodoTests":0,"snapshot":{"added":0,"failure":false,"filesAdded":0,"filesRemoved":0,"filesRemovedList":[],"filesUnmatched":0,"filesUpdated":0,"matched":0,"total":0,"unchecked":0,"uncheckedKeysByFile":[],"unmatched":0,"updated":0,"didUpdate":false},"startTime":1774185709364,"success":true,"testResults":[{"assertionResults":[{"ancestorTitles":["AuthContext Component"],"fullName":"AuthContext Component initializes from localStorage","status":"passed","title":"initializes from localStorage","duration":20.896749999999884,"failureMessages":[],"meta":{},"tags":[]},{"ancestorTitles":["AuthContext Component"],"fullName":"AuthContext Component handles invalid user JSON gracefully","status":"passed","title":"handles invalid user JSON gracefully","duration":7.3028750000000855,"failureMessages":[],"meta":{},"tags":[]},{"ancestorTitles":["AuthContext Component"],"fullName":"AuthContext Component handles successful login","status":"passed","title":"handles successful login","duration":13.053750000000036,"failureMessages":[],"meta":{},"tags":[]},{"ancestorTitles":["AuthContext Component"],"fullName":"AuthContext Component handles generic login failure","status":"passed","title":"handles generic login failure","duration":4.202541999999994,"failureMessages":[],"meta":{},"tags":[]},{"ancestorTitles":["AuthContext Component"],"fullName":"AuthContext Component handles 403 Unverified Email redirect","status":"passed","title":"handles 403 Unverified Email redirect","duration":57.64175,"failureMessages":[],"meta":{},"tags":[]},{"ancestorTitles":["AuthContext Component"],"fullName":"AuthContext Component handles fetch exception returning offline message","status":"passed","title":"handles fetch exception returning offline message","duration":6.945457999999917,"failureMessages":[],"meta":{},"tags":[]},{"ancestorTitles":["AuthContext Component"],"fullName":"AuthContext Component handles successful registration","status":"passed","title":"handles successful registration","duration":53.83858400000008,"failureMessages":[],"meta":{},"tags":[]},{"ancestorTitles":["AuthContext Component"],"fullName":"AuthContext Component handles registration failure","status":"passed","title":"handles registration failure","duration":3.1923329999999623,"failureMessages":[],"meta":{},"tags":[]},{"ancestorTitles":["AuthContext Component"],"fullName":"AuthContext Component handles google login success","status":"passed","title":"handles google login success","duration":3.618458000000146,"failureMessages":[],"meta":{},"tags":[]},{"ancestorTitles":["AuthContext Component"],"fullName":"AuthContext Component handles google login failure","status":"passed","title":"handles google login failure","duration":3.523916999999983,"failureMessages":[],"meta":{},"tags":[]},{"ancestorTitles":["AuthContext Component"],"fullName":"AuthContext Component allows manual saveEmail triggering","status":"passed","title":"allows manual saveEmail triggering","duration":1.947458000000097,"failureMessages":[],"meta":{},"tags":[]},{"ancestorTitles":["AuthContext Component"],"fullName":"AuthContext Component updates user state smoothly","status":"passed","title":"updates user state smoothly","duration":1.5302500000000236,"failureMessages":[],"meta":{},"tags":[]},{"ancestorTitles":["AuthContext Component"],"fullName":"AuthContext Component clears storage and navigates away on logout","status":"passed","title":"clears storage and navigates away on logout","duration":1.6929170000000795,"failureMessages":[],"meta":{},"tags":[]}],"startTime":1774185711026,"endTime":1774185711205.6929,"status":"passed","message":"","name":"/Users/apple/Documents/Astrosera/Frontend/tests/AuthContext.test.jsx"},{"assertionResults":[{"ancestorTitles":["Chat Component"],"fullName":"Chat Component initializes and triggers auto query from location state","status":"passed","title":"initializes and triggers auto query from location state","duration":199.21408399999996,"failureMessages":[],"meta":{},"tags":[]},{"ancestorTitles":["Chat Component"],"fullName":"Chat Component manually sends a chat query and renders response","status":"passed","title":"manually sends a chat query and renders response","duration":74.8704580000001,"failureMessages":[],"meta":{},"tags":[]},{"ancestorTitles":["Chat Component"],"fullName":"Chat Component ignores empty, whitespace-only queries","status":"passed","title":"ignores empty, whitespace-only queries","duration":16.02883299999985,"failureMessages":[],"meta":{},"tags":[]},{"ancestorTitles":["Chat Component"],"fullName":"Chat Component handles server errors during fetch gracefully","status":"passed","title":"handles server errors during fetch gracefully","duration":17.552875000000085,"failureMessages":[],"meta":{},"tags":[]}],"startTime":1774185711061,"endTime":1774185711368.553,"status":"passed","message":"","name":"/Users/apple/Documents/Astrosera/Frontend/tests/Chat.test.jsx"},{"assertionResults":[{"ancestorTitles":["DailyQuizSection Component"],"fullName":"DailyQuizSection Component renders loading state initially","status":"passed","title":"renders loading state initially","duration":185.04029100000002,"failureMessages":[],"meta":{},"tags":[]},{"ancestorTitles":["DailyQuizSection Component"],"fullName":"DailyQuizSection Component fetches quiz data and renders the question","status":"passed","title":"fetches quiz data and renders the question","duration":24.170540999999957,"failureMessages":[],"meta":{},"tags":[]},{"ancestorTitles":["DailyQuizSection Component"],"fullName":"DailyQuizSection Component handles incorrect answer selection","status":"passed","title":"handles incorrect answer selection","duration":13.536333000000013,"failureMessages":[],"meta":{},"tags":[]}],"startTime":1774185711083,"endTime":1774185711305.5364,"status":"passed","message":"","name":"/Users/apple/Documents/Astrosera/Frontend/tests/DailyQuizSection.test.jsx"},{"assertionResults":[{"ancestorTitles":["Login Component"],"fullName":"Login Component renders correctly","status":"passed","title":"renders correctly","duration":105.13437499999986,"failureMessages":[],"meta":{},"tags":[]},{"ancestorTitles":["Login Component"],"fullName":"Login Component simulates typing into input fields","status":"passed","title":"simulates typing into input fields","duration":7.35612500000002,"failureMessages":[],"meta":{},"tags":[]},{"ancestorTitles":["Login Component"],"fullName":"Login Component calls login on form submit","status":"passed","title":"calls login on form submit","duration":22.210790999999972,"failureMessages":[],"meta":{},"tags":[]},{"ancestorTitles":["Login Component"],"fullName":"Login Component displays error message on failed login","status":"passed","title":"displays error message on failed login","duration":7.883458000000019,"failureMessages":[],"meta":{},"tags":[]},{"ancestorTitles":["Login Component"],"fullName":"Login Component handles Google Sign-In success","status":"passed","title":"handles Google Sign-In success","duration":4.793458000000101,"failureMessages":[],"meta":{},"tags":[]},{"ancestorTitles":["Login Component"],"fullName":"Login Component displays error on Google Sign-In backend verification failure","status":"passed","title":"displays error on Google Sign-In backend verification failure","duration":5.062749999999824,"failureMessages":[],"meta":{},"tags":[]},{"ancestorTitles":["Login Component"],"fullName":"Login Component displays error on Google Sign-In initialization failure","status":"passed","title":"displays error on Google Sign-In initialization failure","duration":4.173625000000129,"failureMessages":[],"meta":{},"tags":[]}],"startTime":1774185711004,"endTime":1774185711161.1736,"status":"passed","message":"","name":"/Users/apple/Documents/Astrosera/Frontend/tests/Login.test.jsx"},{"assertionResults":[{"ancestorTitles":["Signup Component"],"fullName":"Signup Component renders correctly","status":"passed","title":"renders correctly","duration":45.19566699999996,"failureMessages":[],"meta":{},"tags":[]},{"ancestorTitles":["Signup Component"],"fullName":"Signup Component simulates typing into input fields and handles password requirements","status":"passed","title":"simulates typing into input fields and handles password requirements","duration":14.929333000000042,"failureMessages":[],"meta":{},"tags":[]},{"ancestorTitles":["Signup Component"],"fullName":"Signup Component shows error if passwords do not match","status":"passed","title":"shows error if passwords do not match","duration":89.27966700000002,"failureMessages":[],"meta":{},"tags":[]},{"ancestorTitles":["Signup Component"],"fullName":"Signup Component calls signup when inputs are valid","status":"passed","title":"calls signup when inputs are valid","duration":16.653542000000016,"failureMessages":[],"meta":{},"tags":[]},{"ancestorTitles":["Signup Component"],"fullName":"Signup Component displays error on Signup failure","status":"passed","title":"displays error on Signup failure","duration":19.763208000000077,"failureMessages":[],"meta":{},"tags":[]},{"ancestorTitles":["Signup Component"],"fullName":"Signup Component handles Google Sign-In success","status":"passed","title":"handles Google Sign-In success","duration":5.111208000000033,"failureMessages":[],"meta":{},"tags":[]},{"ancestorTitles":["Signup Component"],"fullName":"Signup Component displays error on Google Sign-In backend verification failure","status":"passed","title":"displays error on Google Sign-In backend verification failure","duration":7.198707999999897,"failureMessages":[],"meta":{},"tags":[]},{"ancestorTitles":["Signup Component"],"fullName":"Signup Component displays error on Google Sign-In initialization failure","status":"passed","title":"displays error on Google Sign-In initialization failure","duration":4.544834000000037,"failureMessages":[],"meta":{},"tags":[]}],"startTime":1774185711004,"endTime":1774185711207.545,"status":"passed","message":"","name":"/Users/apple/Documents/Astrosera/Frontend/tests/Signup.test.jsx"}]}